<?xml version="1.0" encoding="UTF-8"?>
<!-- Generated by org.testng.reporters.JUnitReportReporter -->
<testsuite hostname="pc" name="hmrc.qa.tests.TestGoogleAppSpot" tests="1" failures="0" timestamp="7 Oct 2016 08:44:25 GMT" time="1.611" errors="0">
  <testcase name="TestUserSignUp" time="1.611" classname="hmrc.qa.tests.TestGoogleAppSpot"/>
</testsuite> <!-- hmrc.qa.tests.TestGoogleAppSpot -->
