<?xml version="1.0" encoding="UTF-8"?>
<!-- Generated by org.testng.reporters.JUnitReportReporter -->
<testsuite hostname="pc" name="hmrc.qa.tests.TestGoogleAppSpot" tests="1" failures="0" timestamp="6 Oct 2016 23:54:07 GMT" time="2.064" errors="0">
  <testcase name="TestUserSignUpWithExistingUser" time="2.064" classname="hmrc.qa.tests.TestGoogleAppSpot"/>
</testsuite> <!-- hmrc.qa.tests.TestGoogleAppSpot -->
